# JRE version: OpenJDK Runtime Environment (11.0.13) (build 11.0.13+0-b1751.21-8125866)
# Java VM: OpenJDK 64-Bit Server VM (11.0.13+0-b1751.21-8125866, mixed mode, tiered, compressed oops, g1 gc, windows-amd64)
Heap:
 garbage-first heap   total 806912K, used 266604K [0x0000000080000000, 0x0000000100000000)
  region size 1024K, 9 young (9216K), 9 survivors (9216K)
 Metaspace       used 141077K, capacity 145130K, committed 145296K, reserved 1175552K
  class space    used 17572K, capacity 19132K, committed 19200K, reserved 1048576K
GC Heap History (20 events):
Event: 2471.823 GC heap after
{Heap after GC invocations=100 (full 0):
 garbage-first heap   total 484352K, used 230228K [0x0000000080000000, 0x0000000100000000)
  region size 1024K, 3 young (3072K), 3 survivors (3072K)
 Metaspace       used 123391K, capacity 126504K, committed 128016K, reserved 1161216K
  class space    used 15148K, capacity 16260K, committed 16768K, reserved 1048576K
}
Event: 2472.099 GC heap before
{Heap before GC invocations=100 (full 0):
 garbage-first heap   total 484352K, used 249684K [0x0000000080000000, 0x0000000100000000)
  region size 1024K, 23 young (23552K), 3 survivors (3072K)
 Metaspace       used 123922K, capacity 126984K, committed 128528K, reserved 1161216K
  class space    used 15191K, capacity 16292K, committed 16768K, reserved 1048576K
}
Event: 2472.119 GC heap after
{Heap after GC invocations=101 (full 0):
 garbage-first heap   total 484352K, used 208506K [0x0000000080000000, 0x0000000100000000)
  region size 1024K, 2 young (2048K), 2 survivors (2048K)
 Metaspace       used 123922K, capacity 126984K, committed 128528K, reserved 1161216K
  class space    used 15191K, capacity 16292K, committed 16768K, reserved 1048576K
}
Event: 2472.257 GC heap before
{Heap before GC invocations=101 (full 0):
 garbage-first heap   total 484352K, used 223866K [0x0000000080000000, 0x0000000100000000)
  region size 1024K, 13 young (13312K), 2 survivors (2048K)
 Metaspace       used 123962K, capacity 127048K, committed 128528K, reserved 1161216K
  class space    used 15193K, capacity 16292K, committed 16768K, reserved 1048576K
}
Event: 2472.263 GC heap after
{Heap after GC invocations=102 (full 0):
 garbage-first heap   total 484352K, used 213626K [0x0000000080000000, 0x0000000100000000)
  region size 1024K, 3 young (3072K), 3 survivors (3072K)
 Metaspace       used 123962K, capacity 127048K, committed 128528K, reserved 1161216K
  class space    used 15193K, capacity 16292K, committed 16768K, reserved 1048576K
}
Event: 2474.992 GC heap before
{Heap before GC invocations=103 (full 0):
 garbage-first heap   total 484352K, used 341626K [0x0000000080000000, 0x0000000100000000)
  region size 1024K, 101 young (103424K), 3 survivors (3072K)
 Metaspace       used 127071K, capacity 130166K, committed 131600K, reserved 1163264K
  class space    used 15529K, capacity 16626K, committed 17024K, reserved 1048576K
}
Event: 2475.015 GC heap after
{Heap after GC invocations=104 (full 0):
 garbage-first heap   total 484352K, used 200585K [0x0000000080000000, 0x0000000100000000)
  region size 1024K, 5 young (5120K), 5 survivors (5120K)
 Metaspace       used 127071K, capacity 130166K, committed 131600K, reserved 1163264K
  class space    used 15529K, capacity 16626K, committed 17024K, reserved 1048576K
}
Event: 2475.944 GC heap before
{Heap before GC invocations=104 (full 0):
 garbage-first heap   total 484352K, used 217993K [0x0000000080000000, 0x0000000100000000)
  region size 1024K, 23 young (23552K), 5 survivors (5120K)
 Metaspace       used 128474K, capacity 131574K, committed 132752K, reserved 1165312K
  class space    used 15717K, capacity 16818K, committed 17152K, reserved 1048576K
}
Event: 2475.969 GC heap after
{Heap after GC invocations=105 (full 0):
 garbage-first heap   total 484352K, used 174028K [0x0000000080000000, 0x0000000100000000)
  region size 1024K, 1 young (1024K), 1 survivors (1024K)
 Metaspace       used 128474K, capacity 131574K, committed 132752K, reserved 1165312K
  class space    used 15717K, capacity 16818K, committed 17152K, reserved 1048576K
}
Event: 2478.510 GC heap before
{Heap before GC invocations=105 (full 0):
 garbage-first heap   total 484352K, used 296908K [0x0000000080000000, 0x0000000100000000)
  region size 1024K, 122 young (124928K), 1 survivors (1024K)
 Metaspace       used 130935K, capacity 134067K, committed 135056K, reserved 1167360K
  class space    used 15975K, capacity 17134K, committed 17408K, reserved 1048576K
}
Event: 2478.540 GC heap after
{Heap after GC invocations=106 (full 0):
 garbage-first heap   total 484352K, used 178662K [0x0000000080000000, 0x0000000100000000)
  region size 1024K, 6 young (6144K), 6 survivors (6144K)
 Metaspace       used 130935K, capacity 134067K, committed 135056K, reserved 1167360K
  class space    used 15975K, capacity 17134K, committed 17408K, reserved 1048576K
}
Event: 2479.910 GC heap before
{Heap before GC invocations=106 (full 0):
 garbage-first heap   total 484352K, used 305638K [0x0000000080000000, 0x0000000100000000)
  region size 1024K, 131 young (134144K), 6 survivors (6144K)
 Metaspace       used 131584K, capacity 134828K, committed 135696K, reserved 1167360K
  class space    used 16058K, capacity 17233K, committed 17536K, reserved 1048576K
}
Event: 2479.982 GC heap after
{Heap after GC invocations=107 (full 0):
 garbage-first heap   total 484352K, used 196757K [0x0000000080000000, 0x0000000100000000)
  region size 1024K, 17 young (17408K), 17 survivors (17408K)
 Metaspace       used 131584K, capacity 134828K, committed 135696K, reserved 1167360K
  class space    used 16058K, capacity 17233K, committed 17536K, reserved 1048576K
}
Event: 2480.648 GC heap before
{Heap before GC invocations=107 (full 0):
 garbage-first heap   total 484352K, used 331925K [0x0000000080000000, 0x0000000100000000)
  region size 1024K, 150 young (153600K), 17 survivors (17408K)
 Metaspace       used 134124K, capacity 137499K, committed 138000K, reserved 1169408K
  class space    used 16440K, capacity 17691K, committed 17792K, reserved 1048576K
}
Event: 2480.838 GC heap after
{Heap after GC invocations=108 (full 0):
 garbage-first heap   total 484352K, used 214858K [0x0000000080000000, 0x0000000100000000)
  region size 1024K, 19 young (19456K), 19 survivors (19456K)
 Metaspace       used 134124K, capacity 137499K, committed 138000K, reserved 1169408K
  class space    used 16440K, capacity 17691K, committed 17792K, reserved 1048576K
}
Event: 2481.502 GC heap before
{Heap before GC invocations=108 (full 0):
 garbage-first heap   total 484352K, used 345930K [0x0000000080000000, 0x0000000100000000)
  region size 1024K, 146 young (149504K), 19 survivors (19456K)
 Metaspace       used 135913K, capacity 139471K, committed 139536K, reserved 1171456K
  class space    used 16703K, capacity 18044K, committed 18048K, reserved 1048576K
}
Event: 2481.695 GC heap after
{Heap after GC invocations=109 (full 0):
 garbage-first heap   total 484352K, used 235075K [0x0000000080000000, 0x0000000100000000)
  region size 1024K, 19 young (19456K), 19 survivors (19456K)
 Metaspace       used 135913K, capacity 139471K, committed 139536K, reserved 1171456K
  class space    used 16703K, capacity 18044K, committed 18048K, reserved 1048576K
}
Event: 2481.992 GC heap before
{Heap before GC invocations=109 (full 0):
 garbage-first heap   total 484352K, used 354883K [0x0000000080000000, 0x0000000100000000)
  region size 1024K, 136 young (139264K), 19 survivors (19456K)
 Metaspace       used 136917K, capacity 140631K, committed 140944K, reserved 1171456K
  class space    used 16902K, capacity 18318K, committed 18432K, reserved 1048576K
}
Event: 2482.124 GC heap after
{Heap after GC invocations=110 (full 0):
 garbage-first heap   total 484352K, used 256000K [0x0000000080000000, 0x0000000100000000)
  region size 1024K, 17 young (17408K), 17 survivors (17408K)
 Metaspace       used 136917K, capacity 140631K, committed 140944K, reserved 1171456K
  class space    used 16902K, capacity 18318K, committed 18432K, reserved 1048576K
}
Event: 2483.347 GC heap before
{Heap before GC invocations=110 (full 0):
 garbage-first heap   total 484352K, used 371712K [0x0000000080000000, 0x0000000100000000)
  region size 1024K, 130 young (133120K), 17 survivors (17408K)
 Metaspace       used 141077K, capacity 145130K, committed 145296K, reserved 1175552K
  class space    used 17572K, capacity 19132K, committed 19200K, reserved 1048576K
}

